Determining if the pthread_create exist failed with the following output:
Change Dir: /home/sudartion/catkin_ws/src/beginner_tutorials/build/CMakeFiles/CMakeTmp

Run Build Command:"/usr/bin/make" "cmTC_dc448/fast"
/usr/bin/make -f CMakeFiles/cmTC_dc448.dir/build.make CMakeFiles/cmTC_dc448.dir/build
make[1]: Entering directory '/home/sudartion/catkin_ws/src/beginner_tutorials/build/CMakeFiles/CMakeTmp'
Building C object CMakeFiles/cmTC_dc448.dir/CheckSymbolExists.c.o
/usr/bin/cc     -o CMakeFiles/cmTC_dc448.dir/CheckSymbolExists.c.o   -c /home/sudartion/catkin_ws/src/beginner_tutorials/build/CMakeFiles/CMakeTmp/CheckSymbolExists.c
Linking C executable cmTC_dc448
/usr/bin/cmake -E cmake_link_script CMakeFiles/cmTC_dc448.dir/link.txt --verbose=1
/usr/bin/cc       CMakeFiles/cmTC_dc448.dir/CheckSymbolExists.c.o  -o cmTC_dc448 -rdynamic 
CMakeFiles/cmTC_dc448.dir/CheckSymbolExists.c.o: In function `main':
CheckSymbolExists.c:(.text+0x16): undefined reference to `pthread_create'
collect2: error: ld returned 1 exit status
CMakeFiles/cmTC_dc448.dir/build.make:97: recipe for target 'cmTC_dc448' failed
make[1]: *** [cmTC_dc448] Error 1
make[1]: Leaving directory '/home/sudartion/catkin_ws/src/beginner_tutorials/build/CMakeFiles/CMakeTmp'
Makefile:126: recipe for target 'cmTC_dc448/fast' failed
make: *** [cmTC_dc448/fast] Error 2

File /home/sudartion/catkin_ws/src/beginner_tutorials/build/CMakeFiles/CMakeTmp/CheckSymbolExists.c:
/* */
#include <pthread.h>

int main(int argc, char** argv)
{
  (void)argv;
#ifndef pthread_create
  return ((int*)(&pthread_create))[argc];
#else
  (void)argc;
  return 0;
#endif
}

Determining if the function pthread_create exists in the pthreads failed with the following output:
Change Dir: /home/sudartion/catkin_ws/src/beginner_tutorials/build/CMakeFiles/CMakeTmp

Run Build Command:"/usr/bin/make" "cmTC_157fd/fast"
/usr/bin/make -f CMakeFiles/cmTC_157fd.dir/build.make CMakeFiles/cmTC_157fd.dir/build
make[1]: Entering directory '/home/sudartion/catkin_ws/src/beginner_tutorials/build/CMakeFiles/CMakeTmp'
Building C object CMakeFiles/cmTC_157fd.dir/CheckFunctionExists.c.o
/usr/bin/cc    -DCHECK_FUNCTION_EXISTS=pthread_create   -o CMakeFiles/cmTC_157fd.dir/CheckFunctionExists.c.o   -c /usr/share/cmake-3.5/Modules/CheckFunctionExists.c
Linking C executable cmTC_157fd
/usr/bin/cmake -E cmake_link_script CMakeFiles/cmTC_157fd.dir/link.txt --verbose=1
/usr/bin/cc   -DCHECK_FUNCTION_EXISTS=pthread_create    CMakeFiles/cmTC_157fd.dir/CheckFunctionExists.c.o  -o cmTC_157fd -rdynamic -lpthreads 
/usr/bin/ld: cannot find -lpthreads
collect2: error: ld returned 1 exit status
CMakeFiles/cmTC_157fd.dir/build.make:97: recipe for target 'cmTC_157fd' failed
make[1]: *** [cmTC_157fd] Error 1
make[1]: Leaving directory '/home/sudartion/catkin_ws/src/beginner_tutorials/build/CMakeFiles/CMakeTmp'
Makefile:126: recipe for target 'cmTC_157fd/fast' failed
make: *** [cmTC_157fd/fast] Error 2


